[debug] [2024-10-24T00:39:17.448Z] ----------------------------------------------------------------------
[debug] [2024-10-24T00:39:17.456Z] Command:       C:\Program Files\nodejs\node.exe C:\Users\slamn\AppData\Roaming\npm\node_modules\firebase-tools\lib\bin\firebase.js init
[debug] [2024-10-24T00:39:17.457Z] CLI Version:   13.23.0
[debug] [2024-10-24T00:39:17.457Z] Platform:      win32
[debug] [2024-10-24T00:39:17.458Z] Node Version:  v20.15.0
[debug] [2024-10-24T00:39:17.458Z] Time:          Wed Oct 23 2024 19:39:17 GMT-0500 (hora estándar de Perú)
[debug] [2024-10-24T00:39:17.458Z] ----------------------------------------------------------------------
[debug] 
[debug] [2024-10-24T00:39:17.474Z] > command requires scopes: ["email","openid","https://www.googleapis.com/auth/cloudplatformprojects.readonly","https://www.googleapis.com/auth/firebase","https://www.googleapis.com/auth/cloud-platform"]
[debug] [2024-10-24T00:39:17.475Z] > authorizing via signed-in user (jesusjeancarlosgonzalesvla@gmail.com)
[info] 
     ######## #### ########  ######## ########     ###     ######  ########
     ##        ##  ##     ## ##       ##     ##  ##   ##  ##       ##
     ######    ##  ########  ######   ########  #########  ######  ######
     ##        ##  ##    ##  ##       ##     ## ##     ##       ## ##
     ##       #### ##     ## ######## ########  ##     ##  ######  ########

You're about to initialize a Firebase project in this directory:

  D:\NEXTJS\my-example-04

[info] 
=== Project Setup
[info] 
[info] First, let's associate this project directory with a Firebase project.
[info] You can create multiple project aliases by running firebase use --add, 
[info] but for now we'll just set up a default project.
[info] 
[debug] [2024-10-24T00:39:25.006Z] Checked if tokens are valid: true, expires at: 1729733648374
[debug] [2024-10-24T00:39:25.006Z] Checked if tokens are valid: true, expires at: 1729733648374
[debug] [2024-10-24T00:39:25.008Z] >>> [apiv2][query] GET https://firebase.googleapis.com/v1beta1/projects pageSize=100
[debug] [2024-10-24T00:39:25.883Z] <<< [apiv2][status] GET https://firebase.googleapis.com/v1beta1/projects 200
[debug] [2024-10-24T00:39:25.883Z] <<< [apiv2][body] GET https://firebase.googleapis.com/v1beta1/projects [omitted]
[info] i  Using project porfolio-web-jesus-dev (porfolio-web-jesus-dev) 
[info] 
=== Hosting Setup
[debug] [2024-10-24T00:39:28.693Z] Checked if tokens are valid: true, expires at: 1729733648374
[debug] [2024-10-24T00:39:28.693Z] Checked if tokens are valid: true, expires at: 1729733648374
[debug] [2024-10-24T00:39:28.693Z] >>> [apiv2][query] GET https://firebase.googleapis.com/v1beta1/projects/porfolio-web-jesus-dev [none]
[debug] [2024-10-24T00:39:28.994Z] <<< [apiv2][status] GET https://firebase.googleapis.com/v1beta1/projects/porfolio-web-jesus-dev 200
[debug] [2024-10-24T00:39:28.994Z] <<< [apiv2][body] GET https://firebase.googleapis.com/v1beta1/projects/porfolio-web-jesus-dev {"projectId":"porfolio-web-jesus-dev","projectNumber":"33984292502","displayName":"porfolio-web-jesus-dev","name":"projects/porfolio-web-jesus-dev","resources":{"hostingSite":"porfolio-web-jesus-dev"},"state":"ACTIVE","etag":"1_b5c1ff03-7054-4b92-bf63-5f57b6f4768f"}
[info] 
[info] Your public directory is the folder (relative to your project directory) that
[info] will contain Hosting assets to be uploaded with firebase deploy. If you
[info] have a build process for your assets, use your build's output directory.
[info] 
[info] +  Wrote public/404.html 
[debug] [2024-10-24T00:40:53.701Z] >>> [apiv2][query] GET https://www.gstatic.com/firebasejs/releases.json [none]
[debug] [2024-10-24T00:40:53.839Z] <<< [apiv2][status] GET https://www.gstatic.com/firebasejs/releases.json 200
[debug] [2024-10-24T00:40:53.840Z] <<< [apiv2][body] GET https://www.gstatic.com/firebasejs/releases.json {"current":{"version":"11.0.1","browserURL":"https://www.gstatic.com/firebasejs/11.0.1/firebase.js","packageURL":"https://www.gstatic.com/firebasejs/11.0.1/firebase.tgz"},"live":{"version":"11.0","browserURL":"https://www.gstatic.com/firebasejs/live/11.0/firebase.js","packageURL":"https://www.gstatic.com/firebasejs/live/11.0/firebase.tgz"},"components":{"analytics":"https://www.gstatic.com/firebasejs/11.0.1/firebase-analytics.js","app":"https://www.gstatic.com/firebasejs/11.0.1/firebase-app.js","app-check":"https://www.gstatic.com/firebasejs/11.0.1/firebase-app-check.js","auth":"https://www.gstatic.com/firebasejs/11.0.1/firebase-auth.js","auth/cordova":"https://www.gstatic.com/firebasejs/11.0.1/firebase-auth/cordova.js","auth/web-extension":"https://www.gstatic.com/firebasejs/11.0.1/firebase-auth/web-extension.js","functions":"https://www.gstatic.com/firebasejs/11.0.1/firebase-functions.js","firestore":"https://www.gstatic.com/firebasejs/11.0.1/firebase-firestore.js","firestore/lite":"https://www.gstatic.com/firebasejs/11.0.1/firebase-firestore/lite.js","installations":"https://www.gstatic.com/firebasejs/11.0.1/firebase-installations.js","storage":"https://www.gstatic.com/firebasejs/11.0.1/firebase-storage.js","performance":"https://www.gstatic.com/firebasejs/11.0.1/firebase-performance.js","remote-config":"https://www.gstatic.com/firebasejs/11.0.1/firebase-remote-config.js","messaging":"https://www.gstatic.com/firebasejs/11.0.1/firebase-messaging.js","messaging/sw":"https://www.gstatic.com/firebasejs/11.0.1/firebase-messaging/sw.js","database":"https://www.gstatic.com/firebasejs/11.0.1/firebase-database.js","vertexai":"https://www.gstatic.com/firebasejs/11.0.1/firebase-vertexai.js","data-connect":"https://www.gstatic.com/firebasejs/11.0.1/firebase-data-connect.js","firestore.memory":"https://www.gstatic.com/firebasejs/11.0.1/firebase-firestore.memory.js"}}
[info] +  Wrote public/index.html 
[info] 
[info] i  Writing configuration info to firebase.json... 
[info] i  Writing project information to .firebaserc... 
[info] 
[info] +  Firebase initialization complete! 
[debug] [2024-10-24T00:41:01.021Z] Error: Timed out.
    at Timeout._onTimeout (C:\Users\slamn\AppData\Roaming\npm\node_modules\firebase-tools\lib\utils.js:268:49)
    at listOnTimeout (node:internal/timers:573:17)
    at process.processTimers (node:internal/timers:514:7)
[error] 
[error] Error: An unexpected error has occurred.
